#
# There is insufficient memory for the Java Runtime Environment to continue.
# Native memory allocation (mmap) failed to map 134217728 bytes for Failed to commit area from 0x0000000081a00000 to 0x0000000089a00000 of length 134217728.
# Possible reasons:
#   The system is out of physical RAM or swap space
#   The process is running with CompressedOops enabled, and the Java Heap may be blocking the growth of the native heap
# Possible solutions:
#   Reduce memory load on the system
#   Increase physical memory or swap space
#   Check if swap backing store is full
#   Decrease Java heap size (-Xmx/-Xms)
#   Decrease number of Java threads
#   Decrease Java thread stack sizes (-Xss)
#   Set larger code cache with -XX:ReservedCodeCacheSize=
#   JVM is running with Unscaled Compressed Oops mode in which the Java heap is
#     placed in the first 4GB address space. The Java Heap base address is the
#     maximum limit for the native heap growth. Please use -XX:HeapBaseMinAddress
#     to set the Java Heap base and to place the Java Heap above 4GB virtual address.
# This output file may be truncated or incomplete.
#
#  Out of Memory Error (./open/src/hotspot/os/windows/os_windows.cpp:3315), pid=23624, tid=24068
#
# JRE version:  (14.0.2+12) (build )
# Java VM: Java HotSpot(TM) 64-Bit Server VM (14.0.2+12-46, mixed mode, sharing, tiered, compressed oops, g1 gc, windows-amd64)
# No core dump will be written. Minidumps are not enabled by default on client versions of Windows
#

---------------  S U M M A R Y ------------

Command Line: -Dfile.encoding=Cp1252 --module-path=C:\Users\Kumaraguru\eclipse-workspace\typeCasting\bin -Djdk.module.main=typeCasting typeCasting/typeCasting.MainClass

Host: Intel(R) Core(TM) i5-8300H CPU @ 2.30GHz, 8 cores, 7G,  Windows 10 , 64 bit Build 18362 (10.0.18362.959)
Time: Sun Sep  6 17:03:14 2020 India Standard Time elapsed time: 0 seconds (0d 0h 0m 0s)

---------------  T H R E A D  ---------------

Current thread (0x00000236c079c000):  JavaThread "Unknown thread" [_thread_in_vm, id=24068, stack(0x00000037c0c00000,0x00000037c0d00000)]

Stack: [0x00000037c0c00000,0x00000037c0d00000]
Native frames: (J=compiled Java code, j=interpreted, Vv=VM code, C=native code)
V  [jvm.dll+0x5f8a9a]
V  [jvm.dll+0x74247a]
V  [jvm.dll+0x743c2f]
V  [jvm.dll+0x744273]
V  [jvm.dll+0x20d288]
V  [jvm.dll+0x5f5dea]
V  [jvm.dll+0x5eac45]
V  [jvm.dll+0x2c7e9c]
V  [jvm.dll+0x2c7cd2]
V  [jvm.dll+0x2cdbbc]
V  [jvm.dll+0x313fe8]
V  [jvm.dll+0x313710]
V  [jvm.dll+0x2a092a]
V  [jvm.dll+0x2a1a79]
V  [jvm.dll+0x71fd48]
V  [jvm.dll+0x321c14]
V  [jvm.dll+0x70112c]
V  [jvm.dll+0x392def]
V  [jvm.dll+0x394e61]
C  [jli.dll+0x524b]
C  [ucrtbase.dll+0x20e82]
C  [KERNEL32.DLL+0x17bd4]
C  [ntdll.dll+0x6ce51]


---------------  P R O C E S S  ---------------

Threads class SMR info:
_java_thread_list=0x00007ffaac7b3038, length=0, elements={
}

Java Threads: ( => current thread )

Other Threads:
  0x00000236c07e0800 GCTaskThread "GC Thread#0" [stack: 0x00000037c0d00000,0x00000037c0e00000] [id=11500]
  0x00000236c07f1800 ConcurrentGCThread "G1 Main Marker" [stack: 0x00000037c0e00000,0x00000037c0f00000] [id=20724]
  0x00000236c07f3800 ConcurrentGCThread "G1 Conc#0" [stack: 0x00000037c0f00000,0x00000037c1000000] [id=23556]

[error occurred during error reporting (printing all threads), id 0xc0000005, EXCEPTION_ACCESS_VIOLATION (0xc0000005) at pc=0x00007ffaabfe1257]

VM state:not at safepoint (not fully initialized)

VM Mutex/Monitor currently owned by a thread:  ([mutex/lock_event])
[0x00000236c0798780] Heap_lock - owner thread: 0x00000236c079c000

Heap address: 0x0000000081a00000, size: 2022 MB, Compressed Oops mode: 32-bit
Narrow klass base: 0x0000000000000000, Narrow klass shift: 0

GC Heap History (0 events):
No events

Deoptimization events (0 events):
No events

Classes unloaded (0 events):
No events

Classes redefined (0 events):
No events

Internal exceptions (0 events):
No events

Events (2 events):
Event: 0.007 Loaded shared library C:\Program Files\Java\jdk-14.0.2\bin\java.dll
Event: 0.007 Loaded shared library C:\Program Files\Java\jdk-14.0.2\bin\zip.dll


Dynamic libraries:
0x00007ff7230d0000 - 0x00007ff7230df000 	C:\Program Files\Java\jdk-14.0.2\bin\javaw.exe
0x00007ffb0d080000 - 0x00007ffb0d270000 	C:\WINDOWS\SYSTEM32\ntdll.dll
0x00007ffb0c720000 - 0x00007ffb0c7d2000 	C:\WINDOWS\System32\KERNEL32.DLL
0x00007ffb0ae80000 - 0x00007ffb0b124000 	C:\WINDOWS\System32\KERNELBASE.dll
0x00007ffb0a380000 - 0x00007ffb0a47a000 	C:\WINDOWS\System32\ucrtbase.dll
0x00007ffadd370000 - 0x00007ffadd385000 	C:\Program Files\Java\jdk-14.0.2\bin\VCRUNTIME140.dll
0x00007ffad6660000 - 0x00007ffad6678000 	C:\Program Files\Java\jdk-14.0.2\bin\jli.dll
0x00007ffb0ce30000 - 0x00007ffb0ced3000 	C:\WINDOWS\System32\ADVAPI32.dll
0x00007ffb0c7f0000 - 0x00007ffb0c88e000 	C:\WINDOWS\System32\msvcrt.dll
0x00007ffb0cf40000 - 0x00007ffb0cfd7000 	C:\WINDOWS\System32\sechost.dll
0x00007ffb0ca40000 - 0x00007ffb0cb60000 	C:\WINDOWS\System32\RPCRT4.dll
0x00007ffb0b2c0000 - 0x00007ffb0b455000 	C:\WINDOWS\System32\USER32.dll
0x00007ffb0ad00000 - 0x00007ffb0ad21000 	C:\WINDOWS\System32\win32u.dll
0x00007ffaef9e0000 - 0x00007ffaefc64000 	C:\WINDOWS\WinSxS\amd64_microsoft.windows.common-controls_6595b64144ccf1df_6.0.18362.1016_none_9e7a36bbe461dae4\COMCTL32.dll
0x00007ffb0b290000 - 0x00007ffb0b2b6000 	C:\WINDOWS\System32\GDI32.dll
0x00007ffb0a110000 - 0x00007ffb0a2a6000 	C:\WINDOWS\System32\gdi32full.dll
0x00007ffb0b6a0000 - 0x00007ffb0b9d5000 	C:\WINDOWS\System32\combase.dll
0x00007ffb0ac60000 - 0x00007ffb0acfe000 	C:\WINDOWS\System32\msvcp_win.dll
0x00007ffb0a300000 - 0x00007ffb0a380000 	C:\WINDOWS\System32\bcryptPrimitives.dll
0x00007ffb045b0000 - 0x00007ffb045ba000 	C:\WINDOWS\SYSTEM32\VERSION.dll
0x00007ffb0ba50000 - 0x00007ffb0ba7e000 	C:\WINDOWS\System32\IMM32.DLL
0x00007ffab57b0000 - 0x00007ffab584b000 	C:\Program Files\Java\jdk-14.0.2\bin\msvcp140.dll
0x00007ffaabd30000 - 0x00007ffaac84e000 	C:\Program Files\Java\jdk-14.0.2\bin\server\jvm.dll
0x00007ffb0c7e0000 - 0x00007ffb0c7e8000 	C:\WINDOWS\System32\PSAPI.DLL
0x00007ffb066c0000 - 0x00007ffb066e4000 	C:\WINDOWS\SYSTEM32\WINMM.dll
0x00007ffaf03e0000 - 0x00007ffaf03e9000 	C:\WINDOWS\SYSTEM32\WSOCK32.dll
0x00007ffb0c6b0000 - 0x00007ffb0c71f000 	C:\WINDOWS\System32\WS2_32.dll
0x00007ffb06690000 - 0x00007ffb066bd000 	C:\WINDOWS\SYSTEM32\WINMMBASE.dll
0x00007ffb0a2b0000 - 0x00007ffb0a2fa000 	C:\WINDOWS\System32\cfgmgr32.dll
0x00007ffb09fc0000 - 0x00007ffb09fd1000 	C:\WINDOWS\System32\kernel.appcore.dll
0x00007ffb03d30000 - 0x00007ffb03d3a000 	C:\Program Files\Java\jdk-14.0.2\bin\jimage.dll
0x00007ffb08850000 - 0x00007ffb08a44000 	C:\WINDOWS\SYSTEM32\DBGHELP.DLL
0x00007ffaf9f50000 - 0x00007ffaf9f7a000 	C:\WINDOWS\SYSTEM32\dbgcore.DLL
0x00007ffaeb6b0000 - 0x00007ffaeb6d5000 	C:\Program Files\Java\jdk-14.0.2\bin\java.dll
0x00007ffaec610000 - 0x00007ffaec626000 	C:\Program Files\Java\jdk-14.0.2\bin\zip.dll

dbghelp: loaded successfully - version: 4.0.5 - missing functions: none
symbol engine: initialized successfully - sym options: 0x614 - pdb path: .;C:\Program Files\Java\jdk-14.0.2\bin;C:\WINDOWS\SYSTEM32;C:\WINDOWS\WinSxS\amd64_microsoft.windows.common-controls_6595b64144ccf1df_6.0.18362.1016_none_9e7a36bbe461dae4;C:\Program Files\Java\jdk-14.0.2\bin\server

VM Arguments:
jvm_args: -Dfile.encoding=Cp1252 --module-path=C:\Users\Kumaraguru\eclipse-workspace\typeCasting\bin -Djdk.module.main=typeCasting 
java_command: typeCasting/typeCasting.MainClass
java_class_path (initial): <not set>
Launcher Type: SUN_STANDARD

[Global flags]
     intx CICompilerCount                          = 4                                         {product} {ergonomic}
     uint ConcGCThreads                            = 2                                         {product} {ergonomic}
     uint G1ConcRefinementThreads                  = 8                                         {product} {ergonomic}
   size_t G1HeapRegionSize                         = 1048576                                   {product} {ergonomic}
    uintx GCDrainStackTargetSize                   = 64                                        {product} {ergonomic}
   size_t InitialHeapSize                          = 134217728                                 {product} {ergonomic}
   size_t MarkStackSize                            = 4194304                                   {product} {ergonomic}
   size_t MaxHeapSize                              = 2120220672                                {product} {ergonomic}
   size_t MinHeapDeltaBytes                        = 1048576                                   {product} {ergonomic}
   size_t MinHeapSize                              = 8388608                                   {product} {ergonomic}
    uintx NonNMethodCodeHeapSize                   = 5839372                                {pd product} {ergonomic}
    uintx NonProfiledCodeHeapSize                  = 122909434                              {pd product} {ergonomic}
    uintx ProfiledCodeHeapSize                     = 122909434                              {pd product} {ergonomic}
    uintx ReservedCodeCacheSize                    = 251658240                              {pd product} {ergonomic}
     bool SegmentedCodeCache                       = true                                      {product} {ergonomic}
   size_t SoftMaxHeapSize                          = 2120220672                             {manageable} {ergonomic}
     bool UseCompressedClassPointers               = true                                 {lp64_product} {ergonomic}
     bool UseCompressedOops                        = true                                 {lp64_product} {ergonomic}
     bool UseG1GC                                  = true                                      {product} {ergonomic}
     bool UseLargePagesIndividualAllocation        = false                                  {pd product} {ergonomic}

Logging:
Log output configuration:
 #0: stdout all=warning uptime,level,tags
 #1: stderr all=off uptime,level,tags

Environment Variables:
JAVA_HOME=C:\Program Files\Java\jdk-14.0.2
PATH=C:/Program Files/Java/jdk-14.0.2/bin/server;C:/Program Files/Java/jdk-14.0.2/bin;C:\oraclexe\app\oracle\product\11.2.0\server\bin;C:\Program Files\Microsoft MPI\Bin\;C:\Program Files (x86)\Intel\Intel(R) Management Engine Components\iCLS\;C:\Program Files\Intel\Intel(R) Management Engine Components\iCLS\;C:\windows\system32;C:\windows;C:\windows\System32\Wbem;C:\windows\System32\WindowsPowerShell\v1.0\;C:\windows\System32\OpenSSH\;C:\Program Files (x86)\Intel\Intel(R) Management Engine Components\DAL;C:\Program Files\Intel\Intel(R) Management Engine Components\DAL;C:\Program Files (x86)\NVIDIA Corporation\PhysX\Common;C:\Program Files\Intel\WiFi\bin\;C:\Program Files\Common Files\Intel\WirelessCommon\;C:\Program Files\dotnet\;C:\Program Files\Microsoft SQL Server\130\Tools\Binn\;C:\WINDOWS\system32;C:\WINDOWS;C:\WINDOWS\System32\Wbem;C:\WINDOWS\System32\WindowsPowerShell\v1.0\;C:\WINDOWS\System32\OpenSSH\;C:\Android;C:\Windows\System32;C:\Program Files\Java\jdk-14.0.2\bin;C:\Program Files\Git\cmd;C:\Program Files\MySQL\MySQL Shell 8.0\bin\;C:\Users\Kumaraguru\AppData\Local\Microsoft\WindowsApps;C:\Users\Kumaraguru\AppData\Local\atom\bin;C:\Users\Kumaraguru\AppData\Local\Microsoft\WindowsApps;;C:\WINDOWS\System32;
USERNAME=Kumaraguru
OS=Windows_NT
PROCESSOR_IDENTIFIER=Intel64 Family 6 Model 158 Stepping 10, GenuineIntel



---------------  S Y S T E M  ---------------

OS: Windows 10 , 64 bit Build 18362 (10.0.18362.959)
OS uptime: 1 days 4:34 hours

CPU:total 8 (initial active 8) (4 cores per cpu, 2 threads per core) family 6 model 158 stepping 10, cmov, cx8, fxsr, mmx, sse, sse2, sse3, ssse3, sse4.1, sse4.2, popcnt, avx, avx2, aes, clmul, erms, 3dnowpref, lzcnt, ht, tsc, tscinvbit, bmi1, bmi2, adx, fma

Memory: 4k page, system-wide physical 8081M (1031M free)
TotalPageFile size 23179M (AvailPageFile size 81M)
current process WorkingSet (physical memory assigned to process): 10M, peak: 10M
current process commit charge ("private bytes"): 60M, peak: 188M

vm_info: Java HotSpot(TM) 64-Bit Server VM (14.0.2+12-46) for windows-amd64 JRE (14.0.2+12-46), built on Jul  9 2020 00:35:52 by "mach5one" with MS VC++ 15.9 (VS2017)

END.
